0 info it worked if it ends with ok
1 verbose cli [ '/Users/rasmus/.nodester/node/node-v4.1.0/bin/node',
1 verbose cli   '/Users/rasmus/.nodester/current/bin/npm',
1 verbose cli   '-g',
1 verbose cli   'update' ]
2 info using npm@2.14.3
3 info using node@v4.1.0
4 silly mapToRegistry name electron-prebuilt
5 silly mapToRegistry using default registry
6 silly mapToRegistry registry https://registry.npmjs.org/
7 silly mapToRegistry uri https://registry.npmjs.org/electron-prebuilt
8 silly mapToRegistry name gulp
9 silly mapToRegistry using default registry
10 silly mapToRegistry registry https://registry.npmjs.org/
11 silly mapToRegistry uri https://registry.npmjs.org/gulp
12 silly mapToRegistry name bower
13 silly mapToRegistry using default registry
14 silly mapToRegistry registry https://registry.npmjs.org/
15 silly mapToRegistry uri https://registry.npmjs.org/bower
16 silly mapToRegistry name jshint
17 silly mapToRegistry using default registry
18 silly mapToRegistry registry https://registry.npmjs.org/
19 silly mapToRegistry uri https://registry.npmjs.org/jshint
20 silly mapToRegistry name jspm
21 silly mapToRegistry using default registry
22 silly mapToRegistry registry https://registry.npmjs.org/
23 silly mapToRegistry uri https://registry.npmjs.org/jspm
24 silly mapToRegistry name npm
25 silly mapToRegistry using default registry
26 silly mapToRegistry registry https://registry.npmjs.org/
27 silly mapToRegistry uri https://registry.npmjs.org/npm
28 silly mapToRegistry name tsd
29 silly mapToRegistry using default registry
30 silly mapToRegistry registry https://registry.npmjs.org/
31 silly mapToRegistry uri https://registry.npmjs.org/tsd
32 silly mapToRegistry name cupjs
33 silly mapToRegistry using default registry
34 silly mapToRegistry registry https://registry.npmjs.org/
35 silly mapToRegistry uri https://registry.npmjs.org/cupjs
36 silly mapToRegistry name eventsjs
37 silly mapToRegistry using default registry
38 silly mapToRegistry registry https://registry.npmjs.org/
39 silly mapToRegistry uri https://registry.npmjs.org/eventsjs
40 silly mapToRegistry name jaffamvc-koa-assets
41 silly mapToRegistry using default registry
42 silly mapToRegistry registry https://registry.npmjs.org/
43 silly mapToRegistry uri https://registry.npmjs.org/jaffamvc-koa-assets
44 silly mapToRegistry name jform
45 silly mapToRegistry using default registry
46 silly mapToRegistry registry https://registry.npmjs.org/
47 silly mapToRegistry uri https://registry.npmjs.org/jform
48 silly mapToRegistry name typescript
49 silly mapToRegistry using default registry
50 silly mapToRegistry registry https://registry.npmjs.org/
51 silly mapToRegistry uri https://registry.npmjs.org/typescript
52 silly mapToRegistry name mobyjs
53 silly mapToRegistry using default registry
54 silly mapToRegistry registry https://registry.npmjs.org/
55 silly mapToRegistry uri https://registry.npmjs.org/mobyjs
56 verbose request uri https://registry.npmjs.org/npm
57 verbose request no auth needed
58 info attempt registry request try #1 at 23:25:44
59 verbose request id 67bae69f4d79b720
60 http request GET https://registry.npmjs.org/npm
61 verbose request uri https://registry.npmjs.org/jaffamvc-koa-assets
62 verbose request no auth needed
63 info attempt registry request try #1 at 23:25:44
64 http request GET https://registry.npmjs.org/jaffamvc-koa-assets
65 verbose request uri https://registry.npmjs.org/jform
66 verbose request no auth needed
67 info attempt registry request try #1 at 23:25:44
68 http request GET https://registry.npmjs.org/jform
69 verbose request uri https://registry.npmjs.org/mobyjs
70 verbose request no auth needed
71 info attempt registry request try #1 at 23:25:44
72 http request GET https://registry.npmjs.org/mobyjs
73 verbose request uri https://registry.npmjs.org/electron-prebuilt
74 verbose request no auth needed
75 info attempt registry request try #1 at 23:25:44
76 verbose etag "O11TZ594Q4K7T72RUXJK11Q7"
77 http request GET https://registry.npmjs.org/electron-prebuilt
78 verbose request uri https://registry.npmjs.org/jshint
79 verbose request no auth needed
80 info attempt registry request try #1 at 23:25:44
81 verbose etag "CFAXXG2PHO0D0KVVRYQCVSDQU"
82 http request GET https://registry.npmjs.org/jshint
83 verbose request uri https://registry.npmjs.org/jspm
84 verbose request no auth needed
85 info attempt registry request try #1 at 23:25:44
86 verbose etag "32LMQXRASBISUAXGS1BI0FN9U"
87 http request GET https://registry.npmjs.org/jspm
88 verbose request uri https://registry.npmjs.org/gulp
89 verbose request no auth needed
90 info attempt registry request try #1 at 23:25:44
91 verbose etag "AWXYR3UP46K26J7LK5C2I8CDM"
92 http request GET https://registry.npmjs.org/gulp
93 verbose request uri https://registry.npmjs.org/bower
94 verbose request no auth needed
95 info attempt registry request try #1 at 23:25:44
96 verbose etag "1I5YB0A15N8N0TZYW19V8F82J"
97 http request GET https://registry.npmjs.org/bower
98 verbose request uri https://registry.npmjs.org/cupjs
99 verbose request no auth needed
100 info attempt registry request try #1 at 23:25:44
101 verbose etag "D30MKGO8ZLJPWR64MK4KYIPED"
102 http request GET https://registry.npmjs.org/cupjs
103 verbose request uri https://registry.npmjs.org/tsd
104 verbose request no auth needed
105 info attempt registry request try #1 at 23:25:44
106 verbose etag "BGYKBLCRW7U8JS5US8H84MES4"
107 http request GET https://registry.npmjs.org/tsd
108 verbose request uri https://registry.npmjs.org/eventsjs
109 verbose request no auth needed
110 info attempt registry request try #1 at 23:25:44
111 verbose etag "6JVIZV0KUT8WELFO029JRM0Q"
112 http request GET https://registry.npmjs.org/eventsjs
113 verbose request uri https://registry.npmjs.org/typescript
114 verbose request no auth needed
115 info attempt registry request try #1 at 23:25:44
116 verbose etag "9TFWRU4AQ2UUN1D2Q7B464BVG"
117 http request GET https://registry.npmjs.org/typescript
118 http 304 https://registry.npmjs.org/tsd
119 silly get cb [ 304,
119 silly get   { date: 'Mon, 28 Sep 2015 21:25:44 GMT',
119 silly get     via: '1.1 varnish',
119 silly get     'cache-control': 'max-age=60',
119 silly get     etag: '"BGYKBLCRW7U8JS5US8H84MES4"',
119 silly get     age: '56',
119 silly get     connection: 'keep-alive',
119 silly get     'x-served-by': 'cache-fra1241-FRA',
119 silly get     'x-cache': 'HIT',
119 silly get     'x-cache-hits': '1',
119 silly get     'x-timer': 'S1443475544.412671,VS0,VE0',
119 silly get     vary: 'Accept' } ]
120 verbose etag https://registry.npmjs.org/tsd from cache
121 verbose get saving tsd to /Users/rasmus/.npm/registry.npmjs.org/tsd/.cache.json
122 http 404 https://registry.npmjs.org/jaffamvc-koa-assets
123 verbose headers { 'content-type': 'application/json',
123 verbose headers   'cache-control': 'max-age=0',
123 verbose headers   'content-length': '2',
123 verbose headers   'accept-ranges': 'bytes',
123 verbose headers   date: 'Mon, 28 Sep 2015 21:25:44 GMT',
123 verbose headers   via: '1.1 varnish',
123 verbose headers   age: '0',
123 verbose headers   connection: 'keep-alive',
123 verbose headers   'x-served-by': 'cache-fra1235-FRA',
123 verbose headers   'x-cache': 'MISS',
123 verbose headers   'x-cache-hits': '0',
123 verbose headers   'x-timer': 'S1443475544.377232,VS0,VE184' }
124 silly get cb [ 404,
124 silly get   { 'content-type': 'application/json',
124 silly get     'cache-control': 'max-age=0',
124 silly get     'content-length': '2',
124 silly get     'accept-ranges': 'bytes',
124 silly get     date: 'Mon, 28 Sep 2015 21:25:44 GMT',
124 silly get     via: '1.1 varnish',
124 silly get     age: '0',
124 silly get     connection: 'keep-alive',
124 silly get     'x-served-by': 'cache-fra1235-FRA',
124 silly get     'x-cache': 'MISS',
124 silly get     'x-cache-hits': '0',
124 silly get     'x-timer': 'S1443475544.377232,VS0,VE184' } ]
125 http 304 https://registry.npmjs.org/typescript
126 silly get cb [ 304,
126 silly get   { date: 'Mon, 28 Sep 2015 21:25:44 GMT',
126 silly get     via: '1.1 varnish',
126 silly get     'cache-control': 'max-age=60',
126 silly get     etag: '"9TFWRU4AQ2UUN1D2Q7B464BVG"',
126 silly get     age: '0',
126 silly get     connection: 'keep-alive',
126 silly get     'x-served-by': 'cache-fra1238-FRA',
126 silly get     'x-cache': 'HIT',
126 silly get     'x-cache-hits': '1',
126 silly get     'x-timer': 'S1443475544.416701,VS0,VE174',
126 silly get     vary: 'Accept' } ]
127 verbose etag https://registry.npmjs.org/typescript from cache
128 verbose get saving typescript to /Users/rasmus/.npm/registry.npmjs.org/typescript/.cache.json
129 http 404 https://registry.npmjs.org/mobyjs
130 verbose headers { 'content-type': 'application/json',
130 verbose headers   'cache-control': 'max-age=0',
130 verbose headers   'content-length': '2',
130 verbose headers   'accept-ranges': 'bytes',
130 verbose headers   date: 'Mon, 28 Sep 2015 21:25:44 GMT',
130 verbose headers   via: '1.1 varnish',
130 verbose headers   age: '0',
130 verbose headers   connection: 'keep-alive',
130 verbose headers   'x-served-by': 'cache-fra1232-FRA',
130 verbose headers   'x-cache': 'MISS',
130 verbose headers   'x-cache-hits': '0',
130 verbose headers   'x-timer': 'S1443475544.368730,VS0,VE407' }
131 silly get cb [ 404,
131 silly get   { 'content-type': 'application/json',
131 silly get     'cache-control': 'max-age=0',
131 silly get     'content-length': '2',
131 silly get     'accept-ranges': 'bytes',
131 silly get     date: 'Mon, 28 Sep 2015 21:25:44 GMT',
131 silly get     via: '1.1 varnish',
131 silly get     age: '0',
131 silly get     connection: 'keep-alive',
131 silly get     'x-served-by': 'cache-fra1232-FRA',
131 silly get     'x-cache': 'MISS',
131 silly get     'x-cache-hits': '0',
131 silly get     'x-timer': 'S1443475544.368730,VS0,VE407' } ]
132 http 304 https://registry.npmjs.org/cupjs
133 silly get cb [ 304,
133 silly get   { date: 'Mon, 28 Sep 2015 21:25:44 GMT',
133 silly get     via: '1.1 varnish',
133 silly get     'cache-control': 'max-age=60',
133 silly get     etag: '"D30MKGO8ZLJPWR64MK4KYIPED"',
133 silly get     age: '0',
133 silly get     connection: 'keep-alive',
133 silly get     'x-served-by': 'cache-fra1235-FRA',
133 silly get     'x-cache': 'MISS',
133 silly get     'x-cache-hits': '0',
133 silly get     'x-timer': 'S1443475544.409068,VS0,VE409',
133 silly get     vary: 'Accept' } ]
134 verbose etag https://registry.npmjs.org/cupjs from cache
135 verbose get saving cupjs to /Users/rasmus/.npm/registry.npmjs.org/cupjs/.cache.json
136 http 304 https://registry.npmjs.org/eventsjs
137 silly get cb [ 304,
137 silly get   { date: 'Mon, 28 Sep 2015 21:25:44 GMT',
137 silly get     via: '1.1 varnish',
137 silly get     'cache-control': 'max-age=60',
137 silly get     etag: '"6JVIZV0KUT8WELFO029JRM0Q"',
137 silly get     age: '0',
137 silly get     connection: 'keep-alive',
137 silly get     'x-served-by': 'cache-fra1239-FRA',
137 silly get     'x-cache': 'MISS',
137 silly get     'x-cache-hits': '0',
137 silly get     'x-timer': 'S1443475544.425126,VS0,VE403',
137 silly get     vary: 'Accept' } ]
138 verbose etag https://registry.npmjs.org/eventsjs from cache
139 verbose get saving eventsjs to /Users/rasmus/.npm/registry.npmjs.org/eventsjs/.cache.json
140 http 200 https://registry.npmjs.org/gulp
141 silly get cb [ 200,
141 silly get   { server: 'CouchDB/1.5.0 (Erlang OTP/R16B03)',
141 silly get     etag: '"6PJ2W8ZX4OVS4D9VCHZIMW4L"',
141 silly get     'content-type': 'application/json',
141 silly get     'cache-control': 'max-age=60',
141 silly get     'content-length': '106765',
141 silly get     'accept-ranges': 'bytes',
141 silly get     date: 'Mon, 28 Sep 2015 21:25:44 GMT',
141 silly get     via: '1.1 varnish',
141 silly get     age: '54',
141 silly get     connection: 'keep-alive',
141 silly get     'x-served-by': 'cache-fra1224-FRA',
141 silly get     'x-cache': 'HIT',
141 silly get     'x-cache-hits': '1',
141 silly get     'x-timer': 'S1443475544.405032,VS0,VE0',
141 silly get     vary: 'Accept' } ]
142 verbose get saving gulp to /Users/rasmus/.npm/registry.npmjs.org/gulp/.cache.json
143 http 200 https://registry.npmjs.org/electron-prebuilt
144 silly get cb [ 200,
144 silly get   { server: 'CouchDB/1.5.0 (Erlang OTP/R16B03)',
144 silly get     etag: '"2B6NYVD4BML5EWXKEZ906YSAQ"',
144 silly get     'content-type': 'application/json',
144 silly get     'cache-control': 'max-age=60',
144 silly get     'content-length': '65994',
144 silly get     'accept-ranges': 'bytes',
144 silly get     date: 'Mon, 28 Sep 2015 21:25:44 GMT',
144 silly get     via: '1.1 varnish',
144 silly get     age: '0',
144 silly get     connection: 'keep-alive',
144 silly get     'x-served-by': 'cache-fra1231-FRA',
144 silly get     'x-cache': 'HIT',
144 silly get     'x-cache-hits': '1',
144 silly get     'x-timer': 'S1443475544.387091,VS0,VE178',
144 silly get     vary: 'Accept' } ]
145 verbose get saving electron-prebuilt to /Users/rasmus/.npm/registry.npmjs.org/electron-prebuilt/.cache.json
146 http 304 https://registry.npmjs.org/jshint
147 silly get cb [ 304,
147 silly get   { date: 'Mon, 28 Sep 2015 21:25:44 GMT',
147 silly get     via: '1.1 varnish',
147 silly get     'cache-control': 'max-age=60',
147 silly get     etag: '"CFAXXG2PHO0D0KVVRYQCVSDQU"',
147 silly get     age: '0',
147 silly get     connection: 'keep-alive',
147 silly get     'x-served-by': 'cache-fra1223-FRA',
147 silly get     'x-cache': 'HIT',
147 silly get     'x-cache-hits': '1',
147 silly get     'x-timer': 'S1443475544.397138,VS0,VE655',
147 silly get     vary: 'Accept' } ]
148 verbose etag https://registry.npmjs.org/jshint from cache
149 verbose get saving jshint to /Users/rasmus/.npm/registry.npmjs.org/jshint/.cache.json
150 http 200 https://registry.npmjs.org/bower
151 silly get cb [ 200,
151 silly get   { server: 'CouchDB/1.5.0 (Erlang OTP/R16B03)',
151 silly get     etag: '"BTDTQ30K9H00LATV6BEKT1GC8"',
151 silly get     'content-type': 'application/json',
151 silly get     'cache-control': 'max-age=60',
151 silly get     'content-length': '122856',
151 silly get     'accept-ranges': 'bytes',
151 silly get     date: 'Mon, 28 Sep 2015 21:25:44 GMT',
151 silly get     via: '1.1 varnish',
151 silly get     age: '21',
151 silly get     connection: 'keep-alive',
151 silly get     'x-served-by': 'cache-fra1233-FRA',
151 silly get     'x-cache': 'HIT',
151 silly get     'x-cache-hits': '1',
151 silly get     'x-timer': 'S1443475544.389658,VS0,VE0',
151 silly get     vary: 'Accept' } ]
152 verbose get saving bower to /Users/rasmus/.npm/registry.npmjs.org/bower/.cache.json
153 http 404 https://registry.npmjs.org/jform
154 verbose headers { 'content-type': 'application/json',
154 verbose headers   'cache-control': 'max-age=0',
154 verbose headers   'content-length': '2',
154 verbose headers   'accept-ranges': 'bytes',
154 verbose headers   date: 'Mon, 28 Sep 2015 21:25:45 GMT',
154 verbose headers   via: '1.1 varnish',
154 verbose headers   age: '0',
154 verbose headers   connection: 'keep-alive',
154 verbose headers   'x-served-by': 'cache-fra1223-FRA',
154 verbose headers   'x-cache': 'MISS',
154 verbose headers   'x-cache-hits': '0',
154 verbose headers   'x-timer': 'S1443475544.374327,VS0,VE724' }
155 silly get cb [ 404,
155 silly get   { 'content-type': 'application/json',
155 silly get     'cache-control': 'max-age=0',
155 silly get     'content-length': '2',
155 silly get     'accept-ranges': 'bytes',
155 silly get     date: 'Mon, 28 Sep 2015 21:25:45 GMT',
155 silly get     via: '1.1 varnish',
155 silly get     age: '0',
155 silly get     connection: 'keep-alive',
155 silly get     'x-served-by': 'cache-fra1223-FRA',
155 silly get     'x-cache': 'MISS',
155 silly get     'x-cache-hits': '0',
155 silly get     'x-timer': 'S1443475544.374327,VS0,VE724' } ]
156 http 200 https://registry.npmjs.org/jspm
157 silly get cb [ 200,
157 silly get   { server: 'CouchDB/1.5.0 (Erlang OTP/R16B03)',
157 silly get     etag: '"5UT0XSR0O3QT476EHBO7QWKB0"',
157 silly get     'content-type': 'application/json',
157 silly get     'cache-control': 'max-age=60',
157 silly get     'content-length': '178844',
157 silly get     'accept-ranges': 'bytes',
157 silly get     date: 'Mon, 28 Sep 2015 21:25:44 GMT',
157 silly get     via: '1.1 varnish',
157 silly get     age: '0',
157 silly get     connection: 'keep-alive',
157 silly get     'x-served-by': 'cache-fra1247-FRA',
157 silly get     'x-cache': 'HIT',
157 silly get     'x-cache-hits': '1',
157 silly get     'x-timer': 'S1443475544.399763,VS0,VE99',
157 silly get     vary: 'Accept' } ]
158 verbose get saving jspm to /Users/rasmus/.npm/registry.npmjs.org/jspm/.cache.json
159 http 200 https://registry.npmjs.org/npm
160 silly get cb [ 200,
160 silly get   { server: 'CouchDB/1.5.0 (Erlang OTP/R16B03)',
160 silly get     etag: '"9B0WON5H2MDSHUWTOAVLQ6YV"',
160 silly get     'content-type': 'application/json',
160 silly get     'cache-control': 'max-age=60',
160 silly get     'content-length': '3325795',
160 silly get     'accept-ranges': 'bytes',
160 silly get     date: 'Mon, 28 Sep 2015 21:25:44 GMT',
160 silly get     via: '1.1 varnish',
160 silly get     age: '54',
160 silly get     connection: 'keep-alive',
160 silly get     'x-served-by': 'cache-fra1233-FRA',
160 silly get     'x-cache': 'HIT',
160 silly get     'x-cache-hits': '1',
160 silly get     'x-timer': 'S1443475544.382704,VS0,VE10',
160 silly get     vary: 'Accept' } ]
161 verbose get saving npm to /Users/rasmus/.npm/registry.npmjs.org/npm/.cache.json
162 verbose stack Error: Registry returned 404 for GET on https://registry.npmjs.org/jaffamvc-koa-assets
162 verbose stack     at makeError (/Users/rasmus/.nodester/node/node-v4.1.0/lib/node_modules/npm/node_modules/npm-registry-client/lib/request.js:263:12)
162 verbose stack     at CachingRegistryClient.<anonymous> (/Users/rasmus/.nodester/node/node-v4.1.0/lib/node_modules/npm/node_modules/npm-registry-client/lib/request.js:241:14)
162 verbose stack     at Request._callback (/Users/rasmus/.nodester/node/node-v4.1.0/lib/node_modules/npm/node_modules/npm-registry-client/lib/request.js:171:14)
162 verbose stack     at Request.self.callback (/Users/rasmus/.nodester/node/node-v4.1.0/lib/node_modules/npm/node_modules/request/request.js:198:22)
162 verbose stack     at emitTwo (events.js:87:13)
162 verbose stack     at Request.emit (events.js:172:7)
162 verbose stack     at Request.<anonymous> (/Users/rasmus/.nodester/node/node-v4.1.0/lib/node_modules/npm/node_modules/request/request.js:1073:14)
162 verbose stack     at emitOne (events.js:82:20)
162 verbose stack     at Request.emit (events.js:169:7)
162 verbose stack     at IncomingMessage.<anonymous> (/Users/rasmus/.nodester/node/node-v4.1.0/lib/node_modules/npm/node_modules/request/request.js:1019:12)
163 verbose statusCode 404
164 verbose pkgid jaffamvc-koa-assets
165 verbose cwd /Users/rasmus/Development/Javascript/mobs
166 error Darwin 14.5.0
167 error argv "/Users/rasmus/.nodester/node/node-v4.1.0/bin/node" "/Users/rasmus/.nodester/current/bin/npm" "-g" "update"
168 error node v4.1.0
169 error npm  v2.14.3
170 error code E404
171 error 404 Registry returned 404 for GET on https://registry.npmjs.org/jaffamvc-koa-assets
171 error 404
171 error 404 'jaffamvc-koa-assets' is not in the npm registry.
171 error 404 You should bug the author to publish it (or use the name yourself!)
171 error 404
171 error 404 Note that you can also install from a
171 error 404 tarball, folder, http url, or git url.
172 verbose exit [ 1, true ]
